<?xml version="1.0" encoding="UTF-8"?>
<testng-results skipped="0" failed="0" ignored="0" total="1" passed="1">
  <reporter-output>
  </reporter-output>
  <suite name="Default suite" duration-ms="31814" started-at="2022-02-19T00:13:10 IST" finished-at="2022-02-19T00:13:42 IST">
    <groups>
    </groups>
    <test name="Default test" duration-ms="31814" started-at="2022-02-19T00:13:10 IST" finished-at="2022-02-19T00:13:42 IST">
      <class name="com.arun.tests.TestSession">
        <test-method status="PASS" signature="setUp()[pri:0, instance:com.arun.tests.TestSession@6f8aba08]" name="setUp" is-config="true" duration-ms="21050" started-at="2022-02-19T00:13:10 IST" finished-at="2022-02-19T00:13:31 IST">
          <reporter-output>
          </reporter-output>
        </test-method> <!-- setUp -->
        <test-method status="PASS" signature="test()[pri:0, instance:com.arun.tests.TestSession@6f8aba08]" name="test" duration-ms="10115" started-at="2022-02-19T00:13:31 IST" finished-at="2022-02-19T00:13:41 IST">
          <reporter-output>
          </reporter-output>
        </test-method> <!-- test -->
        <test-method status="PASS" signature="tearDown()[pri:0, instance:com.arun.tests.TestSession@6f8aba08]" name="tearDown" is-config="true" duration-ms="556" started-at="2022-02-19T00:13:41 IST" finished-at="2022-02-19T00:13:42 IST">
          <reporter-output>
          </reporter-output>
        </test-method> <!-- tearDown -->
      </class> <!-- com.arun.tests.TestSession -->
    </test> <!-- Default test -->
  </suite> <!-- Default suite -->
</testng-results>
